<?xml version="1.0" encoding="UTF-8"?>
<testsuite name="com.back.products.ProductsApplicationTests" tests="1" skipped="0" failures="0" errors="0" timestamp="2021-07-14T02:02:26" hostname="DESKTOP-O2HHO4S" time="0.572">
  <properties/>
  <testcase name="contextLoads()" classname="com.back.products.ProductsApplicationTests" time="0.572"/>
  <system-out><![CDATA[21:02:12.225 [Test worker] DEBUG org.springframework.test.context.BootstrapUtils - Instantiating CacheAwareContextLoaderDelegate from class [org.springframework.test.context.cache.DefaultCacheAwareContextLoaderDelegate]
21:02:12.254 [Test worker] DEBUG org.springframework.test.context.BootstrapUtils - Instantiating BootstrapContext using constructor [public org.springframework.test.context.support.DefaultBootstrapContext(java.lang.Class,org.springframework.test.context.CacheAwareContextLoaderDelegate)]
21:02:12.350 [Test worker] DEBUG org.springframework.test.context.BootstrapUtils - Instantiating TestContextBootstrapper for test class [com.back.products.ProductsApplicationTests] from class [org.springframework.boot.test.context.SpringBootTestContextBootstrapper]
21:02:12.379 [Test worker] INFO org.springframework.boot.test.context.SpringBootTestContextBootstrapper - Neither @ContextConfiguration nor @ContextHierarchy found for test class [com.back.products.ProductsApplicationTests], using SpringBootContextLoader
21:02:12.387 [Test worker] DEBUG org.springframework.test.context.support.AbstractContextLoader - Did not detect default resource location for test class [com.back.products.ProductsApplicationTests]: class path resource [com/back/products/ProductsApplicationTests-context.xml] does not exist
21:02:12.388 [Test worker] DEBUG org.springframework.test.context.support.AbstractContextLoader - Did not detect default resource location for test class [com.back.products.ProductsApplicationTests]: class path resource [com/back/products/ProductsApplicationTestsContext.groovy] does not exist
21:02:12.388 [Test worker] INFO org.springframework.test.context.support.AbstractContextLoader - Could not detect default resource locations for test class [com.back.products.ProductsApplicationTests]: no resource found for suffixes {-context.xml, Context.groovy}.
21:02:12.390 [Test worker] INFO org.springframework.test.context.support.AnnotationConfigContextLoaderUtils - Could not detect default configuration classes for test class [com.back.products.ProductsApplicationTests]: ProductsApplicationTests does not declare any static, non-private, non-final, nested classes annotated with @Configuration.
21:02:12.528 [Test worker] DEBUG org.springframework.test.context.support.ActiveProfilesUtils - Could not find an 'annotation declaring class' for annotation type [org.springframework.test.context.ActiveProfiles] and class [com.back.products.ProductsApplicationTests]
21:02:12.693 [Test worker] DEBUG org.springframework.context.annotation.ClassPathScanningCandidateComponentProvider - Identified candidate component class: file [C:\Users\Pc\Documents\capa docker\capacitacion-dockerfile\products\build\classes\java\main\com\back\products\ProductsApplication.class]
21:02:12.697 [Test worker] INFO org.springframework.boot.test.context.SpringBootTestContextBootstrapper - Found @SpringBootConfiguration com.back.products.ProductsApplication for test class com.back.products.ProductsApplicationTests
21:02:13.028 [Test worker] DEBUG org.springframework.boot.test.context.SpringBootTestContextBootstrapper - @TestExecutionListeners is not present for class [com.back.products.ProductsApplicationTests]: using defaults.
21:02:13.029 [Test worker] INFO org.springframework.boot.test.context.SpringBootTestContextBootstrapper - Loaded default TestExecutionListener class names from location [META-INF/spring.factories]: [org.springframework.boot.test.autoconfigure.restdocs.RestDocsTestExecutionListener, org.springframework.boot.test.autoconfigure.web.client.MockRestServiceServerResetTestExecutionListener, org.springframework.boot.test.autoconfigure.web.servlet.MockMvcPrintOnlyOnFailureTestExecutionListener, org.springframework.boot.test.autoconfigure.web.servlet.WebDriverTestExecutionListener, org.springframework.boot.test.autoconfigure.webservices.client.MockWebServiceServerTestExecutionListener, org.springframework.boot.test.mock.mockito.MockitoTestExecutionListener, org.springframework.boot.test.mock.mockito.ResetMocksTestExecutionListener, org.springframework.test.context.web.ServletTestExecutionListener, org.springframework.test.context.support.DirtiesContextBeforeModesTestExecutionListener, org.springframework.test.context.event.ApplicationEventsTestExecutionListener, org.springframework.test.context.support.DependencyInjectionTestExecutionListener, org.springframework.test.context.support.DirtiesContextTestExecutionListener, org.springframework.test.context.transaction.TransactionalTestExecutionListener, org.springframework.test.context.jdbc.SqlScriptsTestExecutionListener, org.springframework.test.context.event.EventPublishingTestExecutionListener]
21:02:13.084 [Test worker] INFO org.springframework.boot.test.context.SpringBootTestContextBootstrapper - Using TestExecutionListeners: [org.springframework.test.context.web.ServletTestExecutionListener@2925e68, org.springframework.test.context.support.DirtiesContextBeforeModesTestExecutionListener@5bc95d36, org.springframework.test.context.event.ApplicationEventsTestExecutionListener@6735378, org.springframework.boot.test.mock.mockito.MockitoTestExecutionListener@6b2897a4, org.springframework.boot.test.autoconfigure.SpringBootDependencyInjectionTestExecutionListener@7b59f5b7, org.springframework.test.context.support.DirtiesContextTestExecutionListener@6ae82707, org.springframework.test.context.transaction.TransactionalTestExecutionListener@769c51b1, org.springframework.test.context.jdbc.SqlScriptsTestExecutionListener@59a66d71, org.springframework.test.context.event.EventPublishingTestExecutionListener@6d66dfbf, org.springframework.boot.test.autoconfigure.restdocs.RestDocsTestExecutionListener@469d1d0b, org.springframework.boot.test.autoconfigure.web.client.MockRestServiceServerResetTestExecutionListener@5298ddb0, org.springframework.boot.test.autoconfigure.web.servlet.MockMvcPrintOnlyOnFailureTestExecutionListener@383fff77, org.springframework.boot.test.autoconfigure.web.servlet.WebDriverTestExecutionListener@63ff44e8, org.springframework.boot.test.autoconfigure.webservices.client.MockWebServiceServerTestExecutionListener@4d2478d9, org.springframework.boot.test.mock.mockito.ResetMocksTestExecutionListener@59c54990]
21:02:13.109 [Test worker] DEBUG org.springframework.test.context.support.AbstractDirtiesContextTestExecutionListener - Before test class: context [DefaultTestContext@1aca785 testClass = ProductsApplicationTests, testInstance = [null], testMethod = [null], testException = [null], mergedContextConfiguration = [WebMergedContextConfiguration@6c68041e testClass = ProductsApplicationTests, locations = '{}', classes = '{class com.back.products.ProductsApplication}', contextInitializerClasses = '[]', activeProfiles = '{}', propertySourceLocations = '{}', propertySourceProperties = '{org.springframework.boot.test.context.SpringBootTestContextBootstrapper=true}', contextCustomizers = set[org.springframework.boot.test.autoconfigure.actuate.metrics.MetricsExportContextCustomizerFactory$DisableMetricExportContextCustomizer@796a9095, org.springframework.boot.test.autoconfigure.properties.PropertyMappingContextCustomizer@0, org.springframework.boot.test.autoconfigure.web.servlet.WebDriverContextCustomizerFactory$Customizer@65e198ff, org.springframework.boot.test.context.filter.ExcludeFilterContextCustomizer@297274fd, org.springframework.boot.test.json.DuplicateJsonObjectContextCustomizerFactory$DuplicateJsonObjectContextCustomizer@213a411d, org.springframework.boot.test.mock.mockito.MockitoContextCustomizer@0, org.springframework.boot.test.web.client.TestRestTemplateContextCustomizer@25193a73, org.springframework.boot.test.context.SpringBootTestArgs@1, org.springframework.boot.test.context.SpringBootTestWebEnvironment@2eba9918], resourceBasePath = 'src/main/webapp', contextLoader = 'org.springframework.boot.test.context.SpringBootContextLoader', parent = [null]], attributes = map['org.springframework.test.context.web.ServletTestExecutionListener.activateListener' -> true]], class annotated with @DirtiesContext [false] with mode [null].
21:02:13.252 [Test worker] DEBUG org.springframework.test.context.support.TestPropertySourceUtils - Adding inlined properties to environment: {spring.jmx.enabled=false, org.springframework.boot.test.context.SpringBootTestContextBootstrapper=true}

  .   ____          _            __ _ _
 /\\ / ___'_ __ _ _(_)_ __  __ _ \ \ \ \
( ( )\___ | '_ | '_| | '_ \/ _` | \ \ \ \
 \\/  ___)| |_)| | | | | || (_| |  ) ) ) )
  '  |____| .__|_| |_|_| |_\__, | / / / /
 =========|_|==============|___/=/_/_/_/
 :: Spring Boot ::                (v2.5.2)

2021-07-13 21:02:14.064  INFO 7392 --- [    Test worker] c.b.products.ProductsApplicationTests    : Starting ProductsApplicationTests using Java 1.8.0_281 on DESKTOP-O2HHO4S with PID 7392 (started by Pc in C:\Users\Pc\Documents\capa docker\capacitacion-dockerfile\products)
2021-07-13 21:02:14.071  INFO 7392 --- [    Test worker] c.b.products.ProductsApplicationTests    : No active profile set, falling back to default profiles: default
2021-07-13 21:02:15.915  INFO 7392 --- [    Test worker] .s.d.r.c.RepositoryConfigurationDelegate : Bootstrapping Spring Data JPA repositories in DEFAULT mode.
2021-07-13 21:02:16.130  INFO 7392 --- [    Test worker] .s.d.r.c.RepositoryConfigurationDelegate : Finished Spring Data repository scanning in 192 ms. Found 2 JPA repository interfaces.
2021-07-13 21:02:18.085  INFO 7392 --- [    Test worker] com.zaxxer.hikari.HikariDataSource       : HikariPool-1 - Starting...
2021-07-13 21:02:18.747  INFO 7392 --- [    Test worker] com.zaxxer.hikari.HikariDataSource       : HikariPool-1 - Start completed.
2021-07-13 21:02:18.988  INFO 7392 --- [    Test worker] o.hibernate.jpa.internal.util.LogHelper  : HHH000204: Processing PersistenceUnitInfo [name: default]
2021-07-13 21:02:19.148  INFO 7392 --- [    Test worker] org.hibernate.Version                    : HHH000412: Hibernate ORM core version 5.4.32.Final
2021-07-13 21:02:19.691  INFO 7392 --- [    Test worker] o.hibernate.annotations.common.Version   : HCANN000001: Hibernate Commons Annotations {5.1.2.Final}
2021-07-13 21:02:20.219  INFO 7392 --- [    Test worker] org.hibernate.dialect.Dialect            : HHH000400: Using dialect: org.hibernate.dialect.H2Dialect
2021-07-13 21:02:22.118  INFO 7392 --- [    Test worker] o.h.e.t.j.p.i.JtaPlatformInitiator       : HHH000490: Using JtaPlatform implementation: [org.hibernate.engine.transaction.jta.platform.internal.NoJtaPlatform]
2021-07-13 21:02:22.137  INFO 7392 --- [    Test worker] j.LocalContainerEntityManagerFactoryBean : Initialized JPA EntityManagerFactory for persistence unit 'default'
2021-07-13 21:02:24.202  WARN 7392 --- [    Test worker] JpaBaseConfiguration$JpaWebConfiguration : spring.jpa.open-in-view is enabled by default. Therefore, database queries may be performed during view rendering. Explicitly configure spring.jpa.open-in-view to disable this warning
2021-07-13 21:02:26.336  INFO 7392 --- [    Test worker] c.b.products.ProductsApplicationTests    : Started ProductsApplicationTests in 13.046 seconds (JVM running for 17.074)
]]></system-out>
  <system-err><![CDATA[]]></system-err>
</testsuite>
